<testsuite name="first-test-suite" time="0.304" failures="1" errors="0" skipped="0" tests="1">
  <properties>
[...]
</properties>
  <testcase time="0.09" name="first-test-suite-munit_sampleFlowTest" classname="first-test-suite">
    <failure><![CDATA[java.lang.AssertionError: expected:<Hello> but was:<Hello123>&#10;&#9;at first-test-suite-munit_sampleFlowTest.munit:assert-on-equals{expectedValue=Hello, doc:name=Assert Equals, actualValue=Hello123}(first-test-suite.xml:12)&#10;&#9;at munit_sampleFlow.mule:set-payload{doc:name=Set Payload, value=Hello123}(munit_sample.xml:12)&#10;&#9;at first-test-suite-munit_sampleFlowTest.mule:flow{id=Flow$$EnhancerByMUNIT$$bb7e3368{munit_sampleFlow}, initialState=started}(munit_sample.xml:10)&#10;&#9;at first-test-suite-munit_sampleFlowTest.mule:flow-ref{doc:name=Flow-ref to munit_sampleFlow}(first-test-suite.xml:11)&#10;&#9;at first-test-suite-munit_sampleFlowTest.munit:test{id=MunitTestFlow$$EnhancerByMUNIT$$904837f0{first-test-suite-munit_sampleFlowTest}, abstract=false, description=Test, initialState=started, ignore=false}(first-test-suite.xml:10)&#10;]]></failure>
  </testcase>
</testsuite>